<?xml version="1.0" encoding="UTF-8"?>
<!-- Generated by org.testng.reporters.JUnitReportReporter -->
<testsuite skipped="0" hostname="LP0948" name="org.br.curso.tests.ApiTests" tests="1" failures="0" timestamp="07 jun 2019 15:19:49 GMT" time="23.158" errors="0">
  <testcase name="testeCriacaoUsuario" time="23.158" classname="org.br.curso.tests.ApiTests"/>
</testsuite> <!-- org.br.curso.tests.ApiTests -->
